<?xml version="1.0" encoding="UTF-8"?>
<testsuite xmlns:xsi="http://www.w3.org/2001/XMLSchema-instance" xsi:noNamespaceSchemaLocation="https://maven.apache.org/surefire/maven-surefire-plugin/xsd/surefire-test-report.xsd" name="de.tudresden.algorand.AppTest" time="0.04" tests="1" errors="0" skipped="0" failures="0">
  <properties>
    <property name="java.specification.version" value="17"/>
    <property name="sun.jnu.encoding" value="UTF-8"/>
    <property name="java.class.path" value="/media/zoint/D0F4-36FA/AllFiles/Projeler/zointblackbriar/Smart_Contract_Examples/Algorand_Dapp/algorand-nft-game/target/test-classes:/media/zoint/D0F4-36FA/AllFiles/Projeler/zointblackbriar/Smart_Contract_Examples/Algorand_Dapp/algorand-nft-game/target/classes:/home/zoint/.m2/repository/junit/junit/4.11/junit-4.11.jar:/home/zoint/.m2/repository/org/hamcrest/hamcrest-core/1.3/hamcrest-core-1.3.jar:/home/zoint/.m2/repository/com/algorand/algosdk/1.11.0/algosdk-1.11.0.jar:/home/zoint/.m2/repository/com/fasterxml/jackson/core/jackson-annotations/2.10.0/jackson-annotations-2.10.0.jar:/home/zoint/.m2/repository/com/fasterxml/jackson/core/jackson-core/2.10.0/jackson-core-2.10.0.jar:/home/zoint/.m2/repository/com/fasterxml/jackson/core/jackson-databind/2.10.5.1/jackson-databind-2.10.5.1.jar:/home/zoint/.m2/repository/com/google/code/gson/gson/2.8.1/gson-2.8.1.jar:/home/zoint/.m2/repository/com/squareup/okhttp/logging-interceptor/2.7.5/logging-interceptor-2.7.5.jar:/home/zoint/.m2/repository/com/squareup/okhttp/okhttp/2.7.5/okhttp-2.7.5.jar:/home/zoint/.m2/repository/com/squareup/okio/okio/1.6.0/okio-1.6.0.jar:/home/zoint/.m2/repository/commons-codec/commons-codec/1.12/commons-codec-1.12.jar:/home/zoint/.m2/repository/io/gsonfire/gson-fire/1.8.0/gson-fire-1.8.0.jar:/home/zoint/.m2/repository/io/swagger/swagger-annotations/1.5.18/swagger-annotations-1.5.18.jar:/home/zoint/.m2/repository/org/apache/commons/commons-lang3/3.8/commons-lang3-3.8.jar:/home/zoint/.m2/repository/org/bouncycastle/bcprov-jdk15to18/1.66/bcprov-jdk15to18-1.66.jar:/home/zoint/.m2/repository/org/msgpack/jackson-dataformat-msgpack/0.9.0/jackson-dataformat-msgpack-0.9.0.jar:/home/zoint/.m2/repository/org/msgpack/msgpack-core/0.9.0/msgpack-core-0.9.0.jar:/home/zoint/.m2/repository/org/threeten/threetenbp/1.3.5/threetenbp-1.3.5.jar:/home/zoint/.m2/repository/com/google/guava/guava/28.2-android/guava-28.2-android.jar:/home/zoint/.m2/repository/com/google/guava/failureaccess/1.0.1/failureaccess-1.0.1.jar:/home/zoint/.m2/repository/com/google/guava/listenablefuture/9999.0-empty-to-avoid-conflict-with-guava/listenablefuture-9999.0-empty-to-avoid-conflict-with-guava.jar:/home/zoint/.m2/repository/com/google/code/findbugs/jsr305/3.0.2/jsr305-3.0.2.jar:/home/zoint/.m2/repository/org/checkerframework/checker-compat-qual/2.5.5/checker-compat-qual-2.5.5.jar:/home/zoint/.m2/repository/com/google/errorprone/error_prone_annotations/2.3.4/error_prone_annotations-2.3.4.jar:/home/zoint/.m2/repository/com/google/j2objc/j2objc-annotations/1.3/j2objc-annotations-1.3.jar:"/>
    <property name="java.vm.vendor" value="Eclipse Adoptium"/>
    <property name="sun.arch.data.model" value="64"/>
    <property name="java.vendor.url" value="https://adoptium.net/"/>
    <property name="os.name" value="Linux"/>
    <property name="java.vm.specification.version" value="17"/>
    <property name="sun.java.launcher" value="SUN_STANDARD"/>
    <property name="user.country" value="US"/>
    <property name="sun.boot.library.path" value="/home/zoint/spring-tool-suite-4-4.12.1.RELEASE-e4.21.0-linux.gtk.x86_64/sts-4.12.1.RELEASE/plugins/org.eclipse.justj.openjdk.hotspot.jre.full.linux.x86_64_17.0.0.v20211012-1059/jre/lib"/>
    <property name="sun.java.command" value="/media/zoint/D0F4-36FA/AllFiles/Projeler/zointblackbriar/Smart_Contract_Examples/Algorand_Dapp/algorand-nft-game/target/surefire/surefirebooter16232802742191786850.jar /media/zoint/D0F4-36FA/AllFiles/Projeler/zointblackbriar/Smart_Contract_Examples/Algorand_Dapp/algorand-nft-game/target/surefire 2022-01-30T21-59-02_968-jvmRun1 surefire4255550525809869205tmp surefire_018087446703419393951tmp"/>
    <property name="jdk.debug" value="release"/>
    <property name="surefire.test.class.path" value="/media/zoint/D0F4-36FA/AllFiles/Projeler/zointblackbriar/Smart_Contract_Examples/Algorand_Dapp/algorand-nft-game/target/test-classes:/media/zoint/D0F4-36FA/AllFiles/Projeler/zointblackbriar/Smart_Contract_Examples/Algorand_Dapp/algorand-nft-game/target/classes:/home/zoint/.m2/repository/junit/junit/4.11/junit-4.11.jar:/home/zoint/.m2/repository/org/hamcrest/hamcrest-core/1.3/hamcrest-core-1.3.jar:/home/zoint/.m2/repository/com/algorand/algosdk/1.11.0/algosdk-1.11.0.jar:/home/zoint/.m2/repository/com/fasterxml/jackson/core/jackson-annotations/2.10.0/jackson-annotations-2.10.0.jar:/home/zoint/.m2/repository/com/fasterxml/jackson/core/jackson-core/2.10.0/jackson-core-2.10.0.jar:/home/zoint/.m2/repository/com/fasterxml/jackson/core/jackson-databind/2.10.5.1/jackson-databind-2.10.5.1.jar:/home/zoint/.m2/repository/com/google/code/gson/gson/2.8.1/gson-2.8.1.jar:/home/zoint/.m2/repository/com/squareup/okhttp/logging-interceptor/2.7.5/logging-interceptor-2.7.5.jar:/home/zoint/.m2/repository/com/squareup/okhttp/okhttp/2.7.5/okhttp-2.7.5.jar:/home/zoint/.m2/repository/com/squareup/okio/okio/1.6.0/okio-1.6.0.jar:/home/zoint/.m2/repository/commons-codec/commons-codec/1.12/commons-codec-1.12.jar:/home/zoint/.m2/repository/io/gsonfire/gson-fire/1.8.0/gson-fire-1.8.0.jar:/home/zoint/.m2/repository/io/swagger/swagger-annotations/1.5.18/swagger-annotations-1.5.18.jar:/home/zoint/.m2/repository/org/apache/commons/commons-lang3/3.8/commons-lang3-3.8.jar:/home/zoint/.m2/repository/org/bouncycastle/bcprov-jdk15to18/1.66/bcprov-jdk15to18-1.66.jar:/home/zoint/.m2/repository/org/msgpack/jackson-dataformat-msgpack/0.9.0/jackson-dataformat-msgpack-0.9.0.jar:/home/zoint/.m2/repository/org/msgpack/msgpack-core/0.9.0/msgpack-core-0.9.0.jar:/home/zoint/.m2/repository/org/threeten/threetenbp/1.3.5/threetenbp-1.3.5.jar:/home/zoint/.m2/repository/com/google/guava/guava/28.2-android/guava-28.2-android.jar:/home/zoint/.m2/repository/com/google/guava/failureaccess/1.0.1/failureaccess-1.0.1.jar:/home/zoint/.m2/repository/com/google/guava/listenablefuture/9999.0-empty-to-avoid-conflict-with-guava/listenablefuture-9999.0-empty-to-avoid-conflict-with-guava.jar:/home/zoint/.m2/repository/com/google/code/findbugs/jsr305/3.0.2/jsr305-3.0.2.jar:/home/zoint/.m2/repository/org/checkerframework/checker-compat-qual/2.5.5/checker-compat-qual-2.5.5.jar:/home/zoint/.m2/repository/com/google/errorprone/error_prone_annotations/2.3.4/error_prone_annotations-2.3.4.jar:/home/zoint/.m2/repository/com/google/j2objc/j2objc-annotations/1.3/j2objc-annotations-1.3.jar:"/>
    <property name="sun.cpu.endian" value="little"/>
    <property name="user.home" value="/home/zoint"/>
    <property name="user.language" value="en"/>
    <property name="java.specification.vendor" value="Oracle Corporation"/>
    <property name="java.version.date" value="2021-09-14"/>
    <property name="java.home" value="/home/zoint/spring-tool-suite-4-4.12.1.RELEASE-e4.21.0-linux.gtk.x86_64/sts-4.12.1.RELEASE/plugins/org.eclipse.justj.openjdk.hotspot.jre.full.linux.x86_64_17.0.0.v20211012-1059/jre"/>
    <property name="file.separator" value="/"/>
    <property name="style.color" value="always"/>
    <property name="basedir" value="/media/zoint/D0F4-36FA/AllFiles/Projeler/zointblackbriar/Smart_Contract_Examples/Algorand_Dapp/algorand-nft-game"/>
    <property name="java.vm.compressedOopsMode" value="Zero based"/>
    <property name="line.separator" value="&#10;"/>
    <property name="java.vm.specification.vendor" value="Oracle Corporation"/>
    <property name="java.specification.name" value="Java Platform API Specification"/>
    <property name="surefire.real.class.path" value="/media/zoint/D0F4-36FA/AllFiles/Projeler/zointblackbriar/Smart_Contract_Examples/Algorand_Dapp/algorand-nft-game/target/surefire/surefirebooter16232802742191786850.jar"/>
    <property name="sun.management.compiler" value="HotSpot 64-Bit Tiered Compilers"/>
    <property name="java.runtime.version" value="17+35"/>
    <property name="user.name" value="zoint"/>
    <property name="path.separator" value=":"/>
    <property name="os.version" value="5.13.0-27-generic"/>
    <property name="java.runtime.name" value="OpenJDK Runtime Environment"/>
    <property name="file.encoding" value="UTF-8"/>
    <property name="java.vm.name" value="OpenJDK 64-Bit Server VM"/>
    <property name="java.vendor.version" value="Temurin-17+35"/>
    <property name="localRepository" value="/home/zoint/.m2/repository"/>
    <property name="java.vendor.url.bug" value="https://github.com/adoptium/adoptium-support/issues"/>
    <property name="java.io.tmpdir" value="/tmp"/>
    <property name="java.version" value="17"/>
    <property name="user.dir" value="/media/zoint/D0F4-36FA/AllFiles/Projeler/zointblackbriar/Smart_Contract_Examples/Algorand_Dapp/algorand-nft-game"/>
    <property name="os.arch" value="amd64"/>
    <property name="java.vm.specification.name" value="Java Virtual Machine Specification"/>
    <property name="native.encoding" value="UTF-8"/>
    <property name="java.library.path" value="/usr/java/packages/lib:/usr/lib64:/lib64:/lib:/usr/lib"/>
    <property name="java.vm.info" value="mixed mode"/>
    <property name="java.vendor" value="Eclipse Adoptium"/>
    <property name="java.vm.version" value="17+35"/>
    <property name="sun.io.unicode.encoding" value="UnicodeLittle"/>
    <property name="java.class.version" value="61.0"/>
  </properties>
  <testcase name="shouldAnswerWithTrue" classname="de.tudresden.algorand.AppTest" time="0.001"/>
</testsuite>