<?xml version="1.0" encoding="UTF-8"?>
<testsuite xmlns:xsi="http://www.w3.org/2001/XMLSchema-instance" xsi:noNamespaceSchemaLocation="https://maven.apache.org/surefire/maven-surefire-plugin/xsd/surefire-test-report.xsd" name="de.tudresden.algorandjava.AlgorandConnectionTest" time="1.293" tests="9" errors="1" skipped="0" failures="0">
  <properties>
    <property name="sun.desktop" value="gnome"/>
    <property name="awt.toolkit" value="sun.awt.X11.XToolkit"/>
    <property name="java.specification.version" value="11"/>
    <property name="sun.cpu.isalist" value=""/>
    <property name="sun.jnu.encoding" value="UTF-8"/>
    <property name="java.class.path" value="/media/zoint/D0F4-36FA/AllFiles/Projeler/zointblackbriar/AlgorandApps/algorandJavaConnection/target/test-classes:/media/zoint/D0F4-36FA/AllFiles/Projeler/zointblackbriar/AlgorandApps/algorandJavaConnection/target/classes:/home/zoint/.m2/repository/junit/junit/4.11/junit-4.11.jar:/home/zoint/.m2/repository/org/hamcrest/hamcrest-core/1.3/hamcrest-core-1.3.jar:/home/zoint/.m2/repository/com/algorand/algosdk/1.10.0/algosdk-1.10.0.jar:/home/zoint/.m2/repository/com/fasterxml/jackson/core/jackson-annotations/2.9.9/jackson-annotations-2.9.9.jar:/home/zoint/.m2/repository/com/fasterxml/jackson/core/jackson-core/2.9.9/jackson-core-2.9.9.jar:/home/zoint/.m2/repository/com/fasterxml/jackson/core/jackson-databind/2.9.9.3/jackson-databind-2.9.9.3.jar:/home/zoint/.m2/repository/com/google/code/gson/gson/2.8.1/gson-2.8.1.jar:/home/zoint/.m2/repository/com/squareup/okhttp/logging-interceptor/2.7.5/logging-interceptor-2.7.5.jar:/home/zoint/.m2/repository/com/squareup/okhttp/okhttp/2.7.5/okhttp-2.7.5.jar:/home/zoint/.m2/repository/com/squareup/okio/okio/1.6.0/okio-1.6.0.jar:/home/zoint/.m2/repository/commons-codec/commons-codec/1.12/commons-codec-1.12.jar:/home/zoint/.m2/repository/io/gsonfire/gson-fire/1.8.0/gson-fire-1.8.0.jar:/home/zoint/.m2/repository/io/swagger/swagger-annotations/1.5.18/swagger-annotations-1.5.18.jar:/home/zoint/.m2/repository/org/apache/commons/commons-lang3/3.8/commons-lang3-3.8.jar:/home/zoint/.m2/repository/org/bouncycastle/bcprov-jdk15to18/1.66/bcprov-jdk15to18-1.66.jar:/home/zoint/.m2/repository/org/msgpack/jackson-dataformat-msgpack/0.9.0/jackson-dataformat-msgpack-0.9.0.jar:/home/zoint/.m2/repository/org/msgpack/msgpack-core/0.9.0/msgpack-core-0.9.0.jar:/home/zoint/.m2/repository/org/threeten/threetenbp/1.3.5/threetenbp-1.3.5.jar:/home/zoint/.m2/repository/com/google/guava/guava/28.2-android/guava-28.2-android.jar:/home/zoint/.m2/repository/com/google/guava/failureaccess/1.0.1/failureaccess-1.0.1.jar:/home/zoint/.m2/repository/com/google/guava/listenablefuture/9999.0-empty-to-avoid-conflict-with-guava/listenablefuture-9999.0-empty-to-avoid-conflict-with-guava.jar:/home/zoint/.m2/repository/com/google/code/findbugs/jsr305/3.0.2/jsr305-3.0.2.jar:/home/zoint/.m2/repository/org/checkerframework/checker-compat-qual/2.5.5/checker-compat-qual-2.5.5.jar:/home/zoint/.m2/repository/com/google/errorprone/error_prone_annotations/2.3.4/error_prone_annotations-2.3.4.jar:/home/zoint/.m2/repository/com/google/j2objc/j2objc-annotations/1.3/j2objc-annotations-1.3.jar:/home/zoint/.m2/repository/org/junit/jupiter/junit-jupiter/5.8.2/junit-jupiter-5.8.2.jar:/home/zoint/.m2/repository/org/junit/jupiter/junit-jupiter-api/5.8.2/junit-jupiter-api-5.8.2.jar:/home/zoint/.m2/repository/org/opentest4j/opentest4j/1.2.0/opentest4j-1.2.0.jar:/home/zoint/.m2/repository/org/junit/platform/junit-platform-commons/1.8.2/junit-platform-commons-1.8.2.jar:/home/zoint/.m2/repository/org/apiguardian/apiguardian-api/1.1.2/apiguardian-api-1.1.2.jar:/home/zoint/.m2/repository/org/junit/jupiter/junit-jupiter-params/5.8.2/junit-jupiter-params-5.8.2.jar:/home/zoint/.m2/repository/org/junit/jupiter/junit-jupiter-engine/5.8.2/junit-jupiter-engine-5.8.2.jar:/home/zoint/.m2/repository/org/junit/platform/junit-platform-engine/1.8.2/junit-platform-engine-1.8.2.jar:/home/zoint/.m2/repository/org/assertj/assertj-core/3.21.0/assertj-core-3.21.0.jar:"/>
    <property name="java.vm.vendor" value="Private Build"/>
    <property name="sun.arch.data.model" value="64"/>
    <property name="java.vendor.url" value="Unknown"/>
    <property name="user.timezone" value=""/>
    <property name="java.vm.specification.version" value="11"/>
    <property name="os.name" value="Linux"/>
    <property name="sun.java.launcher" value="SUN_STANDARD"/>
    <property name="user.country" value="US"/>
    <property name="sun.boot.library.path" value="/usr/lib/jvm/java-11-openjdk-amd64/lib"/>
    <property name="sun.java.command" value="/media/zoint/D0F4-36FA/AllFiles/Projeler/zointblackbriar/AlgorandApps/algorandJavaConnection/target/surefire/surefirebooter7760584739398598790.jar /media/zoint/D0F4-36FA/AllFiles/Projeler/zointblackbriar/AlgorandApps/algorandJavaConnection/target/surefire 2022-05-31T16-34-06_594-jvmRun1 surefire2644197258938801730tmp surefire_09442940083080464314tmp"/>
    <property name="jdk.debug" value="release"/>
    <property name="surefire.test.class.path" value="/media/zoint/D0F4-36FA/AllFiles/Projeler/zointblackbriar/AlgorandApps/algorandJavaConnection/target/test-classes:/media/zoint/D0F4-36FA/AllFiles/Projeler/zointblackbriar/AlgorandApps/algorandJavaConnection/target/classes:/home/zoint/.m2/repository/junit/junit/4.11/junit-4.11.jar:/home/zoint/.m2/repository/org/hamcrest/hamcrest-core/1.3/hamcrest-core-1.3.jar:/home/zoint/.m2/repository/com/algorand/algosdk/1.10.0/algosdk-1.10.0.jar:/home/zoint/.m2/repository/com/fasterxml/jackson/core/jackson-annotations/2.9.9/jackson-annotations-2.9.9.jar:/home/zoint/.m2/repository/com/fasterxml/jackson/core/jackson-core/2.9.9/jackson-core-2.9.9.jar:/home/zoint/.m2/repository/com/fasterxml/jackson/core/jackson-databind/2.9.9.3/jackson-databind-2.9.9.3.jar:/home/zoint/.m2/repository/com/google/code/gson/gson/2.8.1/gson-2.8.1.jar:/home/zoint/.m2/repository/com/squareup/okhttp/logging-interceptor/2.7.5/logging-interceptor-2.7.5.jar:/home/zoint/.m2/repository/com/squareup/okhttp/okhttp/2.7.5/okhttp-2.7.5.jar:/home/zoint/.m2/repository/com/squareup/okio/okio/1.6.0/okio-1.6.0.jar:/home/zoint/.m2/repository/commons-codec/commons-codec/1.12/commons-codec-1.12.jar:/home/zoint/.m2/repository/io/gsonfire/gson-fire/1.8.0/gson-fire-1.8.0.jar:/home/zoint/.m2/repository/io/swagger/swagger-annotations/1.5.18/swagger-annotations-1.5.18.jar:/home/zoint/.m2/repository/org/apache/commons/commons-lang3/3.8/commons-lang3-3.8.jar:/home/zoint/.m2/repository/org/bouncycastle/bcprov-jdk15to18/1.66/bcprov-jdk15to18-1.66.jar:/home/zoint/.m2/repository/org/msgpack/jackson-dataformat-msgpack/0.9.0/jackson-dataformat-msgpack-0.9.0.jar:/home/zoint/.m2/repository/org/msgpack/msgpack-core/0.9.0/msgpack-core-0.9.0.jar:/home/zoint/.m2/repository/org/threeten/threetenbp/1.3.5/threetenbp-1.3.5.jar:/home/zoint/.m2/repository/com/google/guava/guava/28.2-android/guava-28.2-android.jar:/home/zoint/.m2/repository/com/google/guava/failureaccess/1.0.1/failureaccess-1.0.1.jar:/home/zoint/.m2/repository/com/google/guava/listenablefuture/9999.0-empty-to-avoid-conflict-with-guava/listenablefuture-9999.0-empty-to-avoid-conflict-with-guava.jar:/home/zoint/.m2/repository/com/google/code/findbugs/jsr305/3.0.2/jsr305-3.0.2.jar:/home/zoint/.m2/repository/org/checkerframework/checker-compat-qual/2.5.5/checker-compat-qual-2.5.5.jar:/home/zoint/.m2/repository/com/google/errorprone/error_prone_annotations/2.3.4/error_prone_annotations-2.3.4.jar:/home/zoint/.m2/repository/com/google/j2objc/j2objc-annotations/1.3/j2objc-annotations-1.3.jar:/home/zoint/.m2/repository/org/junit/jupiter/junit-jupiter/5.8.2/junit-jupiter-5.8.2.jar:/home/zoint/.m2/repository/org/junit/jupiter/junit-jupiter-api/5.8.2/junit-jupiter-api-5.8.2.jar:/home/zoint/.m2/repository/org/opentest4j/opentest4j/1.2.0/opentest4j-1.2.0.jar:/home/zoint/.m2/repository/org/junit/platform/junit-platform-commons/1.8.2/junit-platform-commons-1.8.2.jar:/home/zoint/.m2/repository/org/apiguardian/apiguardian-api/1.1.2/apiguardian-api-1.1.2.jar:/home/zoint/.m2/repository/org/junit/jupiter/junit-jupiter-params/5.8.2/junit-jupiter-params-5.8.2.jar:/home/zoint/.m2/repository/org/junit/jupiter/junit-jupiter-engine/5.8.2/junit-jupiter-engine-5.8.2.jar:/home/zoint/.m2/repository/org/junit/platform/junit-platform-engine/1.8.2/junit-platform-engine-1.8.2.jar:/home/zoint/.m2/repository/org/assertj/assertj-core/3.21.0/assertj-core-3.21.0.jar:"/>
    <property name="sun.cpu.endian" value="little"/>
    <property name="user.home" value="/home/zoint"/>
    <property name="user.language" value="en"/>
    <property name="java.specification.vendor" value="Oracle Corporation"/>
    <property name="java.version.date" value="2022-04-19"/>
    <property name="java.home" value="/usr/lib/jvm/java-11-openjdk-amd64"/>
    <property name="file.separator" value="/"/>
    <property name="basedir" value="/media/zoint/D0F4-36FA/AllFiles/Projeler/zointblackbriar/AlgorandApps/algorandJavaConnection"/>
    <property name="java.vm.compressedOopsMode" value="Zero based"/>
    <property name="line.separator" value="&#10;"/>
    <property name="java.specification.name" value="Java Platform API Specification"/>
    <property name="java.vm.specification.vendor" value="Oracle Corporation"/>
    <property name="java.awt.graphicsenv" value="sun.awt.X11GraphicsEnvironment"/>
    <property name="surefire.real.class.path" value="/media/zoint/D0F4-36FA/AllFiles/Projeler/zointblackbriar/AlgorandApps/algorandJavaConnection/target/surefire/surefirebooter7760584739398598790.jar"/>
    <property name="sun.management.compiler" value="HotSpot 64-Bit Tiered Compilers"/>
    <property name="java.runtime.version" value="11.0.15+10-Ubuntu-0ubuntu0.20.04.1"/>
    <property name="user.name" value="zoint"/>
    <property name="path.separator" value=":"/>
    <property name="os.version" value="5.13.0-44-generic"/>
    <property name="java.runtime.name" value="OpenJDK Runtime Environment"/>
    <property name="file.encoding" value="UTF-8"/>
    <property name="java.vm.name" value="OpenJDK 64-Bit Server VM"/>
    <property name="localRepository" value="/home/zoint/.m2/repository"/>
    <property name="java.vendor.url.bug" value="Unknown"/>
    <property name="java.io.tmpdir" value="/tmp"/>
    <property name="java.version" value="11.0.15"/>
    <property name="user.dir" value="/media/zoint/D0F4-36FA/AllFiles/Projeler/zointblackbriar/AlgorandApps/algorandJavaConnection"/>
    <property name="os.arch" value="amd64"/>
    <property name="java.vm.specification.name" value="Java Virtual Machine Specification"/>
    <property name="java.awt.printerjob" value="sun.print.PSPrinterJob"/>
    <property name="sun.os.patch.level" value="unknown"/>
    <property name="java.library.path" value="/usr/java/packages/lib:/usr/lib/x86_64-linux-gnu/jni:/lib/x86_64-linux-gnu:/usr/lib/x86_64-linux-gnu:/usr/lib/jni:/lib:/usr/lib"/>
    <property name="java.vm.info" value="mixed mode, sharing"/>
    <property name="java.vendor" value="Private Build"/>
    <property name="java.vm.version" value="11.0.15+10-Ubuntu-0ubuntu0.20.04.1"/>
    <property name="sun.io.unicode.encoding" value="UnicodeLittle"/>
    <property name="java.class.version" value="55.0"/>
  </properties>
  <testcase name="testAlgorandConnection" classname="de.tudresden.algorandjava.AlgorandConnectionTest" time="1.161"/>
  <testcase name="addTwoNumberTest" classname="de.tudresden.algorandjava.AlgorandConnectionTest" time="0.005"/>
  <testcase name="testLocalClient{String, int, String, boolean}" classname="de.tudresden.algorandjava.AlgorandConnectionTest" time="0.016">
    <error message="No ParameterResolver registered for parameter [java.lang.String arg0] in method [public void de.tudresden.algorandjava.AlgorandConnectionTest.testLocalClient(java.lang.String,int,java.lang.String,boolean)]." type="org.junit.jupiter.api.extension.ParameterResolutionException">org.junit.jupiter.api.extension.ParameterResolutionException: No ParameterResolver registered for parameter [java.lang.String arg0] in method [public void de.tudresden.algorandjava.AlgorandConnectionTest.testLocalClient(java.lang.String,int,java.lang.String,boolean)].
</error>
  </testcase>
  <testcase name="creepyTest" classname="de.tudresden.algorandjava.AlgorandConnectionTest" time="0.006"/>
  <testcase name="creepyTest[1]" classname="de.tudresden.algorandjava.AlgorandConnectionTest" time="0.004"/>
  <testcase name="creepyTest[2]" classname="de.tudresden.algorandjava.AlgorandConnectionTest" time="0.001"/>
  <testcase name="creepyTest[3]" classname="de.tudresden.algorandjava.AlgorandConnectionTest" time="0.001"/>
  <testcase name="creepyTest[4]" classname="de.tudresden.algorandjava.AlgorandConnectionTest" time="0"/>
  <testcase name="creepyTest[5]" classname="de.tudresden.algorandjava.AlgorandConnectionTest" time="0.001"/>
</testsuite>